olehborysenko@Olehs-MacBook-Pro:~/studia/intelegencja|
⇒  python3.7 train.py
Using TensorFlow backend.
2020-01-16 20:09:32.721595: I tensorflow/core/platform/cpu_feature_guard.cc:142] Your CPU supports instructions that this TensorFlow binary was not compiled to use: AVX2 FMA
2020-01-16 20:09:32.768893: I tensorflow/compiler/xla/service/service.cc:168] XLA service 0x7fc6def7b2c0 executing computations on platform Host. Devices:
2020-01-16 20:09:32.768919: I tensorflow/compiler/xla/service/service.cc:175]   StreamExecutor device (0): Host, Default Version
Model: "model_1"
__________________________________________________________________________________________________
Layer (type)                    Output Shape         Param #     Connected to
==================================================================================================
input_1 (InputLayer)            (None, 26)           0
__________________________________________________________________________________________________
embedding_1 (Embedding)         (None, 26, 200)      20000000    input_1[0][0]
__________________________________________________________________________________________________
dropout_1 (Dropout)             (None, 26, 200)      0           embedding_1[0][0]
__________________________________________________________________________________________________
conv1d_1 (Conv1D)               (None, 25, 1)        401         dropout_1[0][0]
__________________________________________________________________________________________________
conv1d_2 (Conv1D)               (None, 25, 1)        401         dropout_1[0][0]
__________________________________________________________________________________________________
conv1d_3 (Conv1D)               (None, 25, 1)        401         dropout_1[0][0]
__________________________________________________________________________________________________
conv1d_4 (Conv1D)               (None, 25, 1)        401         dropout_1[0][0]
__________________________________________________________________________________________________
conv1d_5 (Conv1D)               (None, 25, 1)        401         dropout_1[0][0]
__________________________________________________________________________________________________
conv1d_6 (Conv1D)               (None, 25, 1)        401         dropout_1[0][0]
__________________________________________________________________________________________________
conv1d_7 (Conv1D)               (None, 25, 1)        401         dropout_1[0][0]
__________________________________________________________________________________________________
conv1d_8 (Conv1D)               (None, 25, 1)        401         dropout_1[0][0]
__________________________________________________________________________________________________
conv1d_9 (Conv1D)               (None, 25, 1)        401         dropout_1[0][0]
__________________________________________________________________________________________________
conv1d_10 (Conv1D)              (None, 25, 1)        401         dropout_1[0][0]
__________________________________________________________________________________________________
conv1d_11 (Conv1D)              (None, 24, 1)        601         dropout_1[0][0]
__________________________________________________________________________________________________
conv1d_12 (Conv1D)              (None, 24, 1)        601         dropout_1[0][0]
__________________________________________________________________________________________________
conv1d_13 (Conv1D)              (None, 24, 1)        601         dropout_1[0][0]
__________________________________________________________________________________________________
conv1d_14 (Conv1D)              (None, 24, 1)        601         dropout_1[0][0]
__________________________________________________________________________________________________
conv1d_15 (Conv1D)              (None, 24, 1)        601         dropout_1[0][0]
__________________________________________________________________________________________________
conv1d_16 (Conv1D)              (None, 24, 1)        601         dropout_1[0][0]
__________________________________________________________________________________________________
conv1d_17 (Conv1D)              (None, 24, 1)        601         dropout_1[0][0]
__________________________________________________________________________________________________
conv1d_18 (Conv1D)              (None, 24, 1)        601         dropout_1[0][0]
__________________________________________________________________________________________________
conv1d_19 (Conv1D)              (None, 24, 1)        601         dropout_1[0][0]
__________________________________________________________________________________________________
conv1d_20 (Conv1D)              (None, 24, 1)        601         dropout_1[0][0]
__________________________________________________________________________________________________
conv1d_21 (Conv1D)              (None, 23, 1)        801         dropout_1[0][0]
__________________________________________________________________________________________________
conv1d_22 (Conv1D)              (None, 23, 1)        801         dropout_1[0][0]
__________________________________________________________________________________________________
conv1d_23 (Conv1D)              (None, 23, 1)        801         dropout_1[0][0]
__________________________________________________________________________________________________
conv1d_24 (Conv1D)              (None, 23, 1)        801         dropout_1[0][0]
__________________________________________________________________________________________________
conv1d_25 (Conv1D)              (None, 23, 1)        801         dropout_1[0][0]
__________________________________________________________________________________________________
conv1d_26 (Conv1D)              (None, 23, 1)        801         dropout_1[0][0]
__________________________________________________________________________________________________
conv1d_27 (Conv1D)              (None, 23, 1)        801         dropout_1[0][0]
__________________________________________________________________________________________________
conv1d_28 (Conv1D)              (None, 23, 1)        801         dropout_1[0][0]
__________________________________________________________________________________________________
conv1d_29 (Conv1D)              (None, 23, 1)        801         dropout_1[0][0]
__________________________________________________________________________________________________
conv1d_30 (Conv1D)              (None, 23, 1)        801         dropout_1[0][0]
__________________________________________________________________________________________________
conv1d_31 (Conv1D)              (None, 22, 1)        1001        dropout_1[0][0]
__________________________________________________________________________________________________
conv1d_32 (Conv1D)              (None, 22, 1)        1001        dropout_1[0][0]
__________________________________________________________________________________________________
conv1d_33 (Conv1D)              (None, 22, 1)        1001        dropout_1[0][0]
__________________________________________________________________________________________________
conv1d_34 (Conv1D)              (None, 22, 1)        1001        dropout_1[0][0]
__________________________________________________________________________________________________
conv1d_35 (Conv1D)              (None, 22, 1)        1001        dropout_1[0][0]
__________________________________________________________________________________________________
conv1d_36 (Conv1D)              (None, 22, 1)        1001        dropout_1[0][0]
__________________________________________________________________________________________________
conv1d_37 (Conv1D)              (None, 22, 1)        1001        dropout_1[0][0]
__________________________________________________________________________________________________
conv1d_38 (Conv1D)              (None, 22, 1)        1001        dropout_1[0][0]
__________________________________________________________________________________________________
conv1d_39 (Conv1D)              (None, 22, 1)        1001        dropout_1[0][0]
__________________________________________________________________________________________________
conv1d_40 (Conv1D)              (None, 22, 1)        1001        dropout_1[0][0]
__________________________________________________________________________________________________
global_max_pooling1d_1 (GlobalM (None, 1)            0           conv1d_1[0][0]
__________________________________________________________________________________________________
global_max_pooling1d_2 (GlobalM (None, 1)            0           conv1d_2[0][0]
__________________________________________________________________________________________________
global_max_pooling1d_3 (GlobalM (None, 1)            0           conv1d_3[0][0]
__________________________________________________________________________________________________
global_max_pooling1d_4 (GlobalM (None, 1)            0           conv1d_4[0][0]
__________________________________________________________________________________________________
global_max_pooling1d_5 (GlobalM (None, 1)            0           conv1d_5[0][0]
__________________________________________________________________________________________________
global_max_pooling1d_6 (GlobalM (None, 1)            0           conv1d_6[0][0]
__________________________________________________________________________________________________
global_max_pooling1d_7 (GlobalM (None, 1)            0           conv1d_7[0][0]
__________________________________________________________________________________________________
global_max_pooling1d_8 (GlobalM (None, 1)            0           conv1d_8[0][0]
__________________________________________________________________________________________________
global_max_pooling1d_9 (GlobalM (None, 1)            0           conv1d_9[0][0]
__________________________________________________________________________________________________
global_max_pooling1d_10 (Global (None, 1)            0           conv1d_10[0][0]
__________________________________________________________________________________________________
global_max_pooling1d_11 (Global (None, 1)            0           conv1d_11[0][0]
__________________________________________________________________________________________________
global_max_pooling1d_12 (Global (None, 1)            0           conv1d_12[0][0]
__________________________________________________________________________________________________
global_max_pooling1d_13 (Global (None, 1)            0           conv1d_13[0][0]
__________________________________________________________________________________________________
global_max_pooling1d_14 (Global (None, 1)            0           conv1d_14[0][0]
__________________________________________________________________________________________________
global_max_pooling1d_15 (Global (None, 1)            0           conv1d_15[0][0]
__________________________________________________________________________________________________
global_max_pooling1d_16 (Global (None, 1)            0           conv1d_16[0][0]
__________________________________________________________________________________________________
global_max_pooling1d_17 (Global (None, 1)            0           conv1d_17[0][0]
__________________________________________________________________________________________________
global_max_pooling1d_18 (Global (None, 1)            0           conv1d_18[0][0]
__________________________________________________________________________________________________
global_max_pooling1d_19 (Global (None, 1)            0           conv1d_19[0][0]
__________________________________________________________________________________________________
global_max_pooling1d_20 (Global (None, 1)            0           conv1d_20[0][0]
__________________________________________________________________________________________________
global_max_pooling1d_21 (Global (None, 1)            0           conv1d_21[0][0]
__________________________________________________________________________________________________
global_max_pooling1d_22 (Global (None, 1)            0           conv1d_22[0][0]
__________________________________________________________________________________________________
global_max_pooling1d_23 (Global (None, 1)            0           conv1d_23[0][0]
__________________________________________________________________________________________________
global_max_pooling1d_24 (Global (None, 1)            0           conv1d_24[0][0]
__________________________________________________________________________________________________
global_max_pooling1d_25 (Global (None, 1)            0           conv1d_25[0][0]
__________________________________________________________________________________________________
global_max_pooling1d_26 (Global (None, 1)            0           conv1d_26[0][0]
__________________________________________________________________________________________________
global_max_pooling1d_27 (Global (None, 1)            0           conv1d_27[0][0]
__________________________________________________________________________________________________
global_max_pooling1d_28 (Global (None, 1)            0           conv1d_28[0][0]
__________________________________________________________________________________________________
global_max_pooling1d_29 (Global (None, 1)            0           conv1d_29[0][0]
__________________________________________________________________________________________________
global_max_pooling1d_30 (Global (None, 1)            0           conv1d_30[0][0]
__________________________________________________________________________________________________
global_max_pooling1d_31 (Global (None, 1)            0           conv1d_31[0][0]
__________________________________________________________________________________________________
global_max_pooling1d_32 (Global (None, 1)            0           conv1d_32[0][0]
__________________________________________________________________________________________________
global_max_pooling1d_33 (Global (None, 1)            0           conv1d_33[0][0]
__________________________________________________________________________________________________
global_max_pooling1d_34 (Global (None, 1)            0           conv1d_34[0][0]
__________________________________________________________________________________________________
global_max_pooling1d_35 (Global (None, 1)            0           conv1d_35[0][0]
__________________________________________________________________________________________________
global_max_pooling1d_36 (Global (None, 1)            0           conv1d_36[0][0]
__________________________________________________________________________________________________
global_max_pooling1d_37 (Global (None, 1)            0           conv1d_37[0][0]
__________________________________________________________________________________________________
global_max_pooling1d_38 (Global (None, 1)            0           conv1d_38[0][0]
__________________________________________________________________________________________________
global_max_pooling1d_39 (Global (None, 1)            0           conv1d_39[0][0]
__________________________________________________________________________________________________
global_max_pooling1d_40 (Global (None, 1)            0           conv1d_40[0][0]
__________________________________________________________________________________________________
concatenate_1 (Concatenate)     (None, 40)           0           global_max_pooling1d_1[0][0]
                                                                 global_max_pooling1d_2[0][0]
                                                                 global_max_pooling1d_3[0][0]
                                                                 global_max_pooling1d_4[0][0]
                                                                 global_max_pooling1d_5[0][0]
                                                                 global_max_pooling1d_6[0][0]
                                                                 global_max_pooling1d_7[0][0]
                                                                 global_max_pooling1d_8[0][0]
                                                                 global_max_pooling1d_9[0][0]
                                                                 global_max_pooling1d_10[0][0]
                                                                 global_max_pooling1d_11[0][0]
                                                                 global_max_pooling1d_12[0][0]
                                                                 global_max_pooling1d_13[0][0]
                                                                 global_max_pooling1d_14[0][0]
                                                                 global_max_pooling1d_15[0][0]
                                                                 global_max_pooling1d_16[0][0]
                                                                 global_max_pooling1d_17[0][0]
                                                                 global_max_pooling1d_18[0][0]
                                                                 global_max_pooling1d_19[0][0]
                                                                 global_max_pooling1d_20[0][0]
                                                                 global_max_pooling1d_21[0][0]
                                                                 global_max_pooling1d_22[0][0]
                                                                 global_max_pooling1d_23[0][0]
                                                                 global_max_pooling1d_24[0][0]
                                                                 global_max_pooling1d_25[0][0]
                                                                 global_max_pooling1d_26[0][0]
                                                                 global_max_pooling1d_27[0][0]
                                                                 global_max_pooling1d_28[0][0]
                                                                 global_max_pooling1d_29[0][0]
                                                                 global_max_pooling1d_30[0][0]
                                                                 global_max_pooling1d_31[0][0]
                                                                 global_max_pooling1d_32[0][0]
                                                                 global_max_pooling1d_33[0][0]
                                                                 global_max_pooling1d_34[0][0]
                                                                 global_max_pooling1d_35[0][0]
                                                                 global_max_pooling1d_36[0][0]
                                                                 global_max_pooling1d_37[0][0]
                                                                 global_max_pooling1d_38[0][0]
                                                                 global_max_pooling1d_39[0][0]
                                                                 global_max_pooling1d_40[0][0]
__________________________________________________________________________________________________
dropout_2 (Dropout)             (None, 40)           0           concatenate_1[0][0]
__________________________________________________________________________________________________
dense_1 (Dense)                 (None, 30)           1230        dropout_2[0][0]
__________________________________________________________________________________________________
dense_2 (Dense)                 (None, 1)            31          dense_1[0][0]
__________________________________________________________________________________________________
activation_1 (Activation)       (None, 1)            0           dense_2[0][0]
==================================================================================================
Total params: 20,029,301
Trainable params: 29,301
Non-trainable params: 20,000,000
__________________________________________________________________________________________________
Train on 134307 samples, validate on 44769 samples
Epoch 1/10
134307/134307 [==============================] - 211s 2ms/step - loss: 0.5777 - precision: 0.6981 - recall: 0.6791 - f1: 0.6781 - val_loss: 0.5094 - val_precision: 0.7831 - val_recall: 0.6711 - val_f1: 0.7154
Epoch 2/10
134307/134307 [==============================] - 221s 2ms/step - loss: 0.5231 - precision: 0.7370 - recall: 0.7235 - f1: 0.7214 - val_loss: 0.4975 - val_precision: 0.7837 - val_recall: 0.6929 - val_f1: 0.7290
Epoch 3/10
134307/134307 [==============================] - 210s 2ms/step - loss: 0.5072 - precision: 0.7498 - recall: 0.7335 - f1: 0.7337 - val_loss: 0.4915 - val_precision: 0.7854 - val_recall: 0.7101 - val_f1: 0.7394
Epoch 4/10
134307/134307 [==============================] - 214s 2ms/step - loss: 0.4993 - precision: 0.7555 - recall: 0.7373 - f1: 0.7387 - val_loss: 0.4893 - val_precision: 0.8194 - val_recall: 0.6488 - val_f1: 0.7168
Epoch 5/10
134307/134307 [==============================] - 242s 2ms/step - loss: 0.4903 - precision: 0.7589 - recall: 0.7447 - f1: 0.7445 - val_loss: 0.4815 - val_precision: 0.7921 - val_recall: 0.7141 - val_f1: 0.7448
Epoch 6/10
134307/134307 [==============================] - 231s 2ms/step - loss: 0.4852 - precision: 0.7628 - recall: 0.7493 - f1: 0.7490 - val_loss: 0.4793 - val_precision: 0.7809 - val_recall: 0.7387 - val_f1: 0.7531
Epoch 7/10
134307/134307 [==============================] - 230s 2ms/step - loss: 0.4800 - precision: 0.7649 - recall: 0.7517 - f1: 0.7516 - val_loss: 0.4770 - val_precision: 0.7754 - val_recall: 0.7571 - val_f1: 0.7601
Epoch 8/10
134307/134307 [==============================] - 220s 2ms/step - loss: 0.4780 - precision: 0.7657 - recall: 0.7550 - f1: 0.7533 - val_loss: 0.4740 - val_precision: 0.7658 - val_recall: 0.7739 - val_f1: 0.7639
Epoch 9/10
134307/134307 [==============================] - 220s 2ms/step - loss: 0.4750 - precision: 0.7677 - recall: 0.7560 - f1: 0.7555 - val_loss: 0.4753 - val_precision: 0.8076 - val_recall: 0.7001 - val_f1: 0.7434
Epoch 10/10
134307/134307 [==============================] - 211s 2ms/step - loss: 0.4728 - precision: 0.7695 - recall: 0.7586 - f1: 0.7579 - val_loss: 0.4775 - val_precision: 0.7933 - val_recall: 0.7258 - val_f1: 0.7515
0.76.hdf5
0.76.hdf5
0.76.hdf5
0.76.hdf5
0.76.hdf5
0.76.hdf5
0.76.hdf5
Model: "model_1"
__________________________________________________________________________________________________
Layer (type)                    Output Shape         Param #     Connected to
==================================================================================================
input_1 (InputLayer)            (None, 26)           0
__________________________________________________________________________________________________
embedding_1 (Embedding)         (None, 26, 200)      20000000    input_1[0][0]
__________________________________________________________________________________________________
dropout_1 (Dropout)             (None, 26, 200)      0           embedding_1[0][0]
__________________________________________________________________________________________________
conv1d_1 (Conv1D)               (None, 25, 1)        401         dropout_1[0][0]
__________________________________________________________________________________________________
conv1d_2 (Conv1D)               (None, 25, 1)        401         dropout_1[0][0]
__________________________________________________________________________________________________
conv1d_3 (Conv1D)               (None, 25, 1)        401         dropout_1[0][0]
__________________________________________________________________________________________________
conv1d_4 (Conv1D)               (None, 25, 1)        401         dropout_1[0][0]
__________________________________________________________________________________________________
conv1d_5 (Conv1D)               (None, 25, 1)        401         dropout_1[0][0]
__________________________________________________________________________________________________
conv1d_6 (Conv1D)               (None, 25, 1)        401         dropout_1[0][0]
__________________________________________________________________________________________________
conv1d_7 (Conv1D)               (None, 25, 1)        401         dropout_1[0][0]
__________________________________________________________________________________________________
conv1d_8 (Conv1D)               (None, 25, 1)        401         dropout_1[0][0]
__________________________________________________________________________________________________
conv1d_9 (Conv1D)               (None, 25, 1)        401         dropout_1[0][0]
__________________________________________________________________________________________________
conv1d_10 (Conv1D)              (None, 25, 1)        401         dropout_1[0][0]
__________________________________________________________________________________________________
conv1d_11 (Conv1D)              (None, 24, 1)        601         dropout_1[0][0]
__________________________________________________________________________________________________
conv1d_12 (Conv1D)              (None, 24, 1)        601         dropout_1[0][0]
__________________________________________________________________________________________________
conv1d_13 (Conv1D)              (None, 24, 1)        601         dropout_1[0][0]
__________________________________________________________________________________________________
conv1d_14 (Conv1D)              (None, 24, 1)        601         dropout_1[0][0]
__________________________________________________________________________________________________
conv1d_15 (Conv1D)              (None, 24, 1)        601         dropout_1[0][0]
__________________________________________________________________________________________________
conv1d_16 (Conv1D)              (None, 24, 1)        601         dropout_1[0][0]
__________________________________________________________________________________________________
conv1d_17 (Conv1D)              (None, 24, 1)        601         dropout_1[0][0]
__________________________________________________________________________________________________
conv1d_18 (Conv1D)              (None, 24, 1)        601         dropout_1[0][0]
__________________________________________________________________________________________________
conv1d_19 (Conv1D)              (None, 24, 1)        601         dropout_1[0][0]
__________________________________________________________________________________________________
conv1d_20 (Conv1D)              (None, 24, 1)        601         dropout_1[0][0]
__________________________________________________________________________________________________
conv1d_21 (Conv1D)              (None, 23, 1)        801         dropout_1[0][0]
__________________________________________________________________________________________________
conv1d_22 (Conv1D)              (None, 23, 1)        801         dropout_1[0][0]
__________________________________________________________________________________________________
conv1d_23 (Conv1D)              (None, 23, 1)        801         dropout_1[0][0]
__________________________________________________________________________________________________
conv1d_24 (Conv1D)              (None, 23, 1)        801         dropout_1[0][0]
__________________________________________________________________________________________________
conv1d_25 (Conv1D)              (None, 23, 1)        801         dropout_1[0][0]
__________________________________________________________________________________________________
conv1d_26 (Conv1D)              (None, 23, 1)        801         dropout_1[0][0]
__________________________________________________________________________________________________
conv1d_27 (Conv1D)              (None, 23, 1)        801         dropout_1[0][0]
__________________________________________________________________________________________________
conv1d_28 (Conv1D)              (None, 23, 1)        801         dropout_1[0][0]
__________________________________________________________________________________________________
conv1d_29 (Conv1D)              (None, 23, 1)        801         dropout_1[0][0]
__________________________________________________________________________________________________
conv1d_30 (Conv1D)              (None, 23, 1)        801         dropout_1[0][0]
__________________________________________________________________________________________________
conv1d_31 (Conv1D)              (None, 22, 1)        1001        dropout_1[0][0]
__________________________________________________________________________________________________
conv1d_32 (Conv1D)              (None, 22, 1)        1001        dropout_1[0][0]
__________________________________________________________________________________________________
conv1d_33 (Conv1D)              (None, 22, 1)        1001        dropout_1[0][0]
__________________________________________________________________________________________________
conv1d_34 (Conv1D)              (None, 22, 1)        1001        dropout_1[0][0]
__________________________________________________________________________________________________
conv1d_35 (Conv1D)              (None, 22, 1)        1001        dropout_1[0][0]
__________________________________________________________________________________________________
conv1d_36 (Conv1D)              (None, 22, 1)        1001        dropout_1[0][0]
__________________________________________________________________________________________________
conv1d_37 (Conv1D)              (None, 22, 1)        1001        dropout_1[0][0]
__________________________________________________________________________________________________
conv1d_38 (Conv1D)              (None, 22, 1)        1001        dropout_1[0][0]
__________________________________________________________________________________________________
conv1d_39 (Conv1D)              (None, 22, 1)        1001        dropout_1[0][0]
__________________________________________________________________________________________________
conv1d_40 (Conv1D)              (None, 22, 1)        1001        dropout_1[0][0]
__________________________________________________________________________________________________
global_max_pooling1d_1 (GlobalM (None, 1)            0           conv1d_1[0][0]
__________________________________________________________________________________________________
global_max_pooling1d_2 (GlobalM (None, 1)            0           conv1d_2[0][0]
__________________________________________________________________________________________________
global_max_pooling1d_3 (GlobalM (None, 1)            0           conv1d_3[0][0]
__________________________________________________________________________________________________
global_max_pooling1d_4 (GlobalM (None, 1)            0           conv1d_4[0][0]
__________________________________________________________________________________________________
global_max_pooling1d_5 (GlobalM (None, 1)            0           conv1d_5[0][0]
__________________________________________________________________________________________________
global_max_pooling1d_6 (GlobalM (None, 1)            0           conv1d_6[0][0]
__________________________________________________________________________________________________
global_max_pooling1d_7 (GlobalM (None, 1)            0           conv1d_7[0][0]
__________________________________________________________________________________________________
global_max_pooling1d_8 (GlobalM (None, 1)            0           conv1d_8[0][0]
__________________________________________________________________________________________________
global_max_pooling1d_9 (GlobalM (None, 1)            0           conv1d_9[0][0]
__________________________________________________________________________________________________
global_max_pooling1d_10 (Global (None, 1)            0           conv1d_10[0][0]
__________________________________________________________________________________________________
global_max_pooling1d_11 (Global (None, 1)            0           conv1d_11[0][0]
__________________________________________________________________________________________________
global_max_pooling1d_12 (Global (None, 1)            0           conv1d_12[0][0]
__________________________________________________________________________________________________
global_max_pooling1d_13 (Global (None, 1)            0           conv1d_13[0][0]
__________________________________________________________________________________________________
global_max_pooling1d_14 (Global (None, 1)            0           conv1d_14[0][0]
__________________________________________________________________________________________________
global_max_pooling1d_15 (Global (None, 1)            0           conv1d_15[0][0]
__________________________________________________________________________________________________
global_max_pooling1d_16 (Global (None, 1)            0           conv1d_16[0][0]
__________________________________________________________________________________________________
global_max_pooling1d_17 (Global (None, 1)            0           conv1d_17[0][0]
__________________________________________________________________________________________________
global_max_pooling1d_18 (Global (None, 1)            0           conv1d_18[0][0]
__________________________________________________________________________________________________
global_max_pooling1d_19 (Global (None, 1)            0           conv1d_19[0][0]
__________________________________________________________________________________________________
global_max_pooling1d_20 (Global (None, 1)            0           conv1d_20[0][0]
__________________________________________________________________________________________________
global_max_pooling1d_21 (Global (None, 1)            0           conv1d_21[0][0]
__________________________________________________________________________________________________
global_max_pooling1d_22 (Global (None, 1)            0           conv1d_22[0][0]
__________________________________________________________________________________________________
global_max_pooling1d_23 (Global (None, 1)            0           conv1d_23[0][0]
__________________________________________________________________________________________________
global_max_pooling1d_24 (Global (None, 1)            0           conv1d_24[0][0]
__________________________________________________________________________________________________
global_max_pooling1d_25 (Global (None, 1)            0           conv1d_25[0][0]
__________________________________________________________________________________________________
global_max_pooling1d_26 (Global (None, 1)            0           conv1d_26[0][0]
__________________________________________________________________________________________________
global_max_pooling1d_27 (Global (None, 1)            0           conv1d_27[0][0]
__________________________________________________________________________________________________
global_max_pooling1d_28 (Global (None, 1)            0           conv1d_28[0][0]
__________________________________________________________________________________________________
global_max_pooling1d_29 (Global (None, 1)            0           conv1d_29[0][0]
__________________________________________________________________________________________________
global_max_pooling1d_30 (Global (None, 1)            0           conv1d_30[0][0]
__________________________________________________________________________________________________
global_max_pooling1d_31 (Global (None, 1)            0           conv1d_31[0][0]
__________________________________________________________________________________________________
global_max_pooling1d_32 (Global (None, 1)            0           conv1d_32[0][0]
__________________________________________________________________________________________________
global_max_pooling1d_33 (Global (None, 1)            0           conv1d_33[0][0]
__________________________________________________________________________________________________
global_max_pooling1d_34 (Global (None, 1)            0           conv1d_34[0][0]
__________________________________________________________________________________________________
global_max_pooling1d_35 (Global (None, 1)            0           conv1d_35[0][0]
__________________________________________________________________________________________________
global_max_pooling1d_36 (Global (None, 1)            0           conv1d_36[0][0]
__________________________________________________________________________________________________
global_max_pooling1d_37 (Global (None, 1)            0           conv1d_37[0][0]
__________________________________________________________________________________________________
global_max_pooling1d_38 (Global (None, 1)            0           conv1d_38[0][0]
__________________________________________________________________________________________________
global_max_pooling1d_39 (Global (None, 1)            0           conv1d_39[0][0]
__________________________________________________________________________________________________
global_max_pooling1d_40 (Global (None, 1)            0           conv1d_40[0][0]
__________________________________________________________________________________________________
concatenate_1 (Concatenate)     (None, 40)           0           global_max_pooling1d_1[0][0]
                                                                 global_max_pooling1d_2[0][0]
                                                                 global_max_pooling1d_3[0][0]
                                                                 global_max_pooling1d_4[0][0]
                                                                 global_max_pooling1d_5[0][0]
                                                                 global_max_pooling1d_6[0][0]
                                                                 global_max_pooling1d_7[0][0]
                                                                 global_max_pooling1d_8[0][0]
                                                                 global_max_pooling1d_9[0][0]
                                                                 global_max_pooling1d_10[0][0]
                                                                 global_max_pooling1d_11[0][0]
                                                                 global_max_pooling1d_12[0][0]
                                                                 global_max_pooling1d_13[0][0]
                                                                 global_max_pooling1d_14[0][0]
                                                                 global_max_pooling1d_15[0][0]
                                                                 global_max_pooling1d_16[0][0]
                                                                 global_max_pooling1d_17[0][0]
                                                                 global_max_pooling1d_18[0][0]
                                                                 global_max_pooling1d_19[0][0]
                                                                 global_max_pooling1d_20[0][0]
                                                                 global_max_pooling1d_21[0][0]
                                                                 global_max_pooling1d_22[0][0]
                                                                 global_max_pooling1d_23[0][0]
                                                                 global_max_pooling1d_24[0][0]
                                                                 global_max_pooling1d_25[0][0]
                                                                 global_max_pooling1d_26[0][0]
                                                                 global_max_pooling1d_27[0][0]
                                                                 global_max_pooling1d_28[0][0]
                                                                 global_max_pooling1d_29[0][0]
                                                                 global_max_pooling1d_30[0][0]
                                                                 global_max_pooling1d_31[0][0]
                                                                 global_max_pooling1d_32[0][0]
                                                                 global_max_pooling1d_33[0][0]
                                                                 global_max_pooling1d_34[0][0]
                                                                 global_max_pooling1d_35[0][0]
                                                                 global_max_pooling1d_36[0][0]
                                                                 global_max_pooling1d_37[0][0]
                                                                 global_max_pooling1d_38[0][0]
                                                                 global_max_pooling1d_39[0][0]
                                                                 global_max_pooling1d_40[0][0]
__________________________________________________________________________________________________
dropout_2 (Dropout)             (None, 40)           0           concatenate_1[0][0]
__________________________________________________________________________________________________
dense_1 (Dense)                 (None, 30)           1230        dropout_2[0][0]
__________________________________________________________________________________________________
dense_2 (Dense)                 (None, 1)            31          dense_1[0][0]
__________________________________________________________________________________________________
activation_1 (Activation)       (None, 1)            0           dense_2[0][0]
==================================================================================================
Total params: 20,029,301
Trainable params: 20,029,301
Non-trainable params: 0
__________________________________________________________________________________________________
/usr/local/lib/python3.7/site-packages/tensorflow_core/python/framework/indexed_slices.py:424: UserWarning: Converting sparse IndexedSlices to a dense Tensor of unknown shape. This may consume a large amount of memory.
  "Converting sparse IndexedSlices to a dense Tensor of unknown shape. "
Train on 134307 samples, validate on 44769 samples
Epoch 1/5
134307/134307 [==============================] - 1411s 11ms/step - loss: 0.4668 - precision: 0.7725 - recall: 0.7627 - f1: 0.7614 - val_loss: 0.4680 - val_precision: 0.7942 - val_recall: 0.7363 - val_f1: 0.7578
Epoch 2/5
134307/134307 [==============================] - 1271s 9ms/step - loss: 0.4572 - precision: 0.7783 - recall: 0.7692 - f1: 0.7680 - val_loss: 0.4634 - val_precision: 0.7911 - val_recall: 0.7502 - val_f1: 0.7639
Epoch 3/5
134307/134307 [==============================] - 1122s 8ms/step - loss: 0.4510 - precision: 0.7824 - recall: 0.7717 - f1: 0.7712 - val_loss: 0.4609 - val_precision: 0.7924 - val_recall: 0.7490 - val_f1: 0.7638
Epoch 4/5
134307/134307 [==============================] - 1110s 8ms/step - loss: 0.4431 - precision: 0.7882 - recall: 0.7781 - f1: 0.7777 - val_loss: 0.4584 - val_precision: 0.7987 - val_recall: 0.7407 - val_f1: 0.7625
Epoch 5/5
134307/134307 [==============================] - 1060s 8ms/step - loss: 0.4365 - precision: 0.7937 - recall: 0.7816 - f1: 0.7819 - val_loss: 0.4570 - val_precision: 0.8038 - val_recall: 0.7340 - val_f1: 0.7612
